Flutter crash report.
Please report a bug at https://github.com/flutter/flutter/issues.

## command

flutter run

## exception

RPCError: _flutter.renderFrameWithRasterStats: (-32000) Failed to render the last frame with raster stats. Rasterizer does not hold a valid last layer tree. This could happen if this method was invoked before a frame was rendered

```
#0      new _OutstandingRequest (package:vm_service/src/vm_service.dart:261:34)
#1      VmService._call.<anonymous closure> (package:vm_service/src/vm_service.dart:1778:25)
#2      VmService._call (package:vm_service/src/vm_service.dart:1790:8)
#3      VmService.callServiceExtension (package:vm_service/src/vm_service.dart:1729:14)
#4      VmService.callMethod (package:vm_service/src/vm_service.dart:1712:12)
#5      FlutterVmService.callMethodWrapper (package:flutter_tools/src/vmservice.dart:501:28)
#6      FlutterVmService.renderFrameWithRasterStats (package:flutter_tools/src/vmservice.dart:606:49)
#7      ResidentHandlers.debugFrameJankMetrics (package:flutter_tools/src/resident_runner.dart:726:37)
<asynchronous suspension>
#8      TerminalHandler.processTerminalInput (package:flutter_tools/src/resident_runner.dart:1836:7)
<asynchronous suspension>
```

## flutter doctor

```
[32m[✓][39m Flutter (Channel stable, 3.24.1, on macOS 14.6.1 23G93 darwin-arm64, locale ru-RU)
    [32m•[39m Flutter version 3.24.1 on channel stable at /Users/rezedanefedeva/development/flutter
    [32m•[39m Upstream repository https://github.com/flutter/flutter.git
    [32m•[39m Framework revision 5874a72aa4 (10 недель назад), 2024-08-20 16:46:00 -0500
    [32m•[39m Engine revision c9b9d5780d
    [32m•[39m Dart version 3.5.1
    [32m•[39m DevTools version 2.37.2

[32m[✓][39m Android toolchain - develop for Android devices (Android SDK version 35.0.0)
    [32m•[39m Android SDK at /Users/rezedanefedeva/Library/Android/sdk
    [32m•[39m Platform android-35, build-tools 35.0.0
    [32m•[39m Java binary at: /Applications/Android Studio.app/Contents/jbr/Contents/Home/bin/java
    [32m•[39m Java version OpenJDK Runtime Environment (build 17.0.11+0-17.0.11b1207.24-11852314)
    [32m•[39m All Android licenses accepted.

[32m[✓][39m Xcode - develop for iOS and macOS (Xcode 15.4)
    [32m•[39m Xcode at /Applications/Xcode.app/Contents/Developer
    [32m•[39m Build 15F31d
    [32m•[39m CocoaPods version 1.15.2

[32m[✓][39m Chrome - develop for the web
    [32m•[39m Chrome at /Applications/Google Chrome.app/Contents/MacOS/Google Chrome

[32m[✓][39m Android Studio (version 2024.1)
    [32m•[39m Android Studio at /Applications/Android Studio.app/Contents
    [32m•[39m Flutter plugin can be installed from:
      🔨 https://plugins.jetbrains.com/plugin/9212-flutter
    [32m•[39m Dart plugin can be installed from:
      🔨 https://plugins.jetbrains.com/plugin/6351-dart
    [32m•[39m Java version OpenJDK Runtime Environment (build 17.0.11+0-17.0.11b1207.24-11852314)

[32m[✓][39m VS Code (version 1.93.1)
    [32m•[39m VS Code at /Applications/Visual Studio Code.app/Contents
    [32m•[39m Flutter extension version 3.96.0

[32m[✓][39m Connected device (4 available)
    [32m•[39m sdk gphone64 arm64 (mobile)     • emulator-5554         • android-arm64  • Android 15 (API 35) (emulator)
    [32m•[39m macOS (desktop)                 • macos                 • darwin-arm64   • macOS 14.6.1 23G93 darwin-arm64
    [32m•[39m Mac Designed for iPad (desktop) • mac-designed-for-ipad • darwin         • macOS 14.6.1 23G93 darwin-arm64
    [32m•[39m Chrome (web)                    • chrome                • web-javascript • Google Chrome 130.0.6723.70

[32m[✓][39m Network resources
    [32m•[39m All expected network resources are available.

[32m•[39m No issues found!
```
